<?xml version="1.0" encoding="UTF-8"?>
<!-- Generated by org.testng.reporters.JUnitXMLReporter -->
<testsuite ignored="0" hostname="BM42806Q2" failures="1" tests="14" name="Signed up Testing" time="45.832" errors="0" timestamp="2020-02-06T10:50:33 IST">
  <testcase classname="AllTests.SignedUpTest" name="validateTitleofSignedUpPage" time="3.721"/>
  <testcase classname="AllTests.SignedUpTest" name="validateToAllFields" time="1.225">
    <failure type="java.lang.NullPointerException">
      <![CDATA[java.lang.NullPointerException
at AllTests.SignedUpTest.validateToAllFields(SignedUpTest.java:114)
at java.base/java.util.ArrayList.forEach(ArrayList.java:1540)
... Removed 27 stack frames]]>
    </failure>
  </testcase> <!-- validateToAllFields -->
  <testcase classname="AllTests.SignedUpTest" name="validateToAllFields" time="2.149"/>
  <testcase classname="AllTests.SignedUpTest" name="validateToAllFields" time="2.208"/>
  <testcase classname="AllTests.SignedUpTest" name="validateToAllFields" time="2.047"/>
  <testcase classname="AllTests.SignedUpTest" name="validateToAllFields" time="2.192"/>
  <testcase classname="AllTests.SignedUpTest" name="validateToAllFields" time="2.149"/>
  <testcase classname="AllTests.SignedUpTest" name="validateToAllFields" time="2.27"/>
  <testcase classname="AllTests.SignedUpTest" name="validateToAllFields" time="2.697"/>
  <testcase classname="AllTests.SignedUpTest" name="validateToAllFields" time="2.203"/>
  <testcase classname="AllTests.SignedUpTest" name="validateToAllFields" time="2.309"/>
  <testcase classname="AllTests.SignedUpTest" name="validateToAllFields" time="4.229"/>
  <testcase classname="AllTests.SignedUpTest" name="validateToAllFields" time="3.81"/>
  <testcase classname="AllTests.SignedUpTest" name="verifyAllSpecifiedFieldsOnSignedUpPage" time="0.956"/>
</testsuite> <!-- Signed up Testing -->
