<?xml version="1.0" encoding="UTF-8"?>
<!-- Generated by org.testng.reporters.JUnitXMLReporter -->
<testsuite ignored="0" hostname="BM42806Q2" failures="0" tests="3" name="Test3" time="8.431" errors="0" timestamp="2020-02-05T16:48:36 IST">
  <testcase classname="AllTests.LoginTest" name="validateLoginField" time="0.949"/>
  <testcase classname="AllTests.LoginTest" name="validateLoginField" time="2.57"/>
  <testcase classname="AllTests.LoginTest" name="validateLoginField" time="1.304"/>
</testsuite> <!-- Test3 -->
