<?xml version="1.0" encoding="UTF-8"?>
<!-- Generated by org.testng.reporters.JUnitXMLReporter -->
<testsuite ignored="0" hostname="BM42806Q2" failures="0" tests="6" name="Test1" time="0.133" errors="0" timestamp="2020-02-05T16:48:28 IST">
  <testcase classname="AllTests.BaseTest" name="@BeforeMethod openBrowser" time="0.001">
    <failure type="java.lang.NullPointerException">
      <![CDATA[java.lang.NullPointerException
at AllTests.BaseTest.openBrowser(BaseTest.java:24)
at java.base/java.util.ArrayList.forEach(ArrayList.java:1540)
at java.base/java.util.concurrent.FutureTask.run(FutureTask.java:264)
at java.base/java.util.concurrent.ThreadPoolExecutor.runWorker(ThreadPoolExecutor.java:1128)
at java.base/java.util.concurrent.ThreadPoolExecutor$Worker.run(ThreadPoolExecutor.java:628)
at java.base/java.lang.Thread.run(Thread.java:835)
... Removed 22 stack frames]]>
    </failure>
  </testcase> <!-- @BeforeMethod openBrowser -->
  <testcase classname="AllTests.SignedUpTest" name="validateTitleofSignedUpPage" time="0.0">
    <skipped/>
  </testcase> <!-- validateTitleofSignedUpPage -->
  <testcase classname="AllTests.LandingLoginPageTest" name="validateTitleofLandingPage" time="0.0">
    <skipped/>
  </testcase> <!-- validateTitleofLandingPage -->
  <testcase classname="AllTests.LandingLoginPageTest" name="verifyElementsOfLandingPage" time="0.0">
    <skipped/>
  </testcase> <!-- verifyElementsOfLandingPage -->
  <testcase classname="AllTests.LandingLoginPageTest" name="verifyRedirectedContactUsPage" time="0.0">
    <skipped/>
  </testcase> <!-- verifyRedirectedContactUsPage -->
  <testcase classname="AllTests.LandingLoginPageTest" name="verifyRedirectedWebservicePage" time="0.0">
    <skipped/>
  </testcase> <!-- verifyRedirectedWebservicePage -->
  <testcase classname="AllTests.LandingLoginPageTest" name="signedUpRedirectedPage" time="0.0">
    <skipped/>
  </testcase> <!-- signedUpRedirectedPage -->
</testsuite> <!-- Test1 -->
