<?xml version="1.0" encoding="UTF-8"?>
<!-- Generated by org.testng.reporters.JUnitXMLReporter -->
<testsuite ignored="0" hostname="BM42806Q2" failures="0" tests="19" name="Test2" time="0.79" errors="0" timestamp="2020-02-05T16:48:28 IST">
  <testcase classname="AllTests.SignedUpTest" name="validateTitleofSignedUpPage" time="0.0">
    <skipped/>
  </testcase> <!-- validateTitleofSignedUpPage -->
  <testcase classname="AllTests.LandingLoginPageTest" name="validateTitleofLandingPage" time="0.0">
    <skipped/>
  </testcase> <!-- validateTitleofLandingPage -->
  <testcase classname="AllTests.LandingLoginPageTest" name="verifyElementsOfLandingPage" time="0.0">
    <skipped/>
  </testcase> <!-- verifyElementsOfLandingPage -->
  <testcase classname="AllTests.LandingLoginPageTest" name="verifyRedirectedContactUsPage" time="0.0">
    <skipped/>
  </testcase> <!-- verifyRedirectedContactUsPage -->
  <testcase classname="AllTests.LandingLoginPageTest" name="verifyRedirectedWebservicePage" time="0.0">
    <skipped/>
  </testcase> <!-- verifyRedirectedWebservicePage -->
  <testcase classname="AllTests.LandingLoginPageTest" name="signedUpRedirectedPage" time="0.0">
    <skipped/>
  </testcase> <!-- signedUpRedirectedPage -->
  <testcase classname="AllTests.SignedUpTest" name="validateToAllFields" time="0.0">
    <skipped/>
  </testcase> <!-- validateToAllFields -->
  <testcase classname="AllTests.SignedUpTest" name="validateToAllFields" time="0.0">
    <skipped/>
  </testcase> <!-- validateToAllFields -->
  <testcase classname="AllTests.SignedUpTest" name="validateToAllFields" time="0.0">
    <skipped/>
  </testcase> <!-- validateToAllFields -->
  <testcase classname="AllTests.SignedUpTest" name="validateToAllFields" time="0.0">
    <skipped/>
  </testcase> <!-- validateToAllFields -->
  <testcase classname="AllTests.SignedUpTest" name="validateToAllFields" time="0.0">
    <skipped/>
  </testcase> <!-- validateToAllFields -->
  <testcase classname="AllTests.SignedUpTest" name="validateToAllFields" time="0.0">
    <skipped/>
  </testcase> <!-- validateToAllFields -->
  <testcase classname="AllTests.SignedUpTest" name="validateToAllFields" time="0.0">
    <skipped/>
  </testcase> <!-- validateToAllFields -->
  <testcase classname="AllTests.SignedUpTest" name="validateToAllFields" time="0.0">
    <skipped/>
  </testcase> <!-- validateToAllFields -->
  <testcase classname="AllTests.SignedUpTest" name="validateToAllFields" time="0.0">
    <skipped/>
  </testcase> <!-- validateToAllFields -->
  <testcase classname="AllTests.SignedUpTest" name="validateToAllFields" time="0.0">
    <skipped/>
  </testcase> <!-- validateToAllFields -->
  <testcase classname="AllTests.SignedUpTest" name="validateToAllFields" time="0.0">
    <skipped/>
  </testcase> <!-- validateToAllFields -->
  <testcase classname="AllTests.SignedUpTest" name="validateToAllFields" time="0.0">
    <skipped/>
  </testcase> <!-- validateToAllFields -->
  <testcase classname="AllTests.SignedUpTest" name="verifyAllSpecifiedFieldsOnSignedUpPage" time="0.0">
    <skipped/>
  </testcase> <!-- verifyAllSpecifiedFieldsOnSignedUpPage -->
</testsuite> <!-- Test2 -->
