<?xml version="1.0" encoding="UTF-8"?>
<!-- Generated by org.testng.reporters.JUnitXMLReporter -->
<testsuite ignored="0" hostname="BM42806Q2" failures="1" tests="4" name="Validating User login" time="22.644" errors="0" timestamp="2020-02-07T16:41:55 IST">
  <testcase classname="AllTests.LoginTest" name="validateLoginField" time="0.013">
    <failure type="java.lang.NullPointerException">
      <![CDATA[java.lang.NullPointerException
at AllTests.LoginTest.validateLoginField(LoginTest.java:52)
at java.base/java.util.ArrayList.forEach(ArrayList.java:1540)
... Removed 27 stack frames]]>
    </failure>
  </testcase> <!-- validateLoginField -->
  <testcase classname="AllTests.LoginTest" name="validateLoginField" time="0.877"/>
  <testcase classname="AllTests.LoginTest" name="validateLoginField" time="3.16"/>
  <testcase classname="AllTests.LoginTest" name="validateLoginField" time="1.222"/>
</testsuite> <!-- Validating User login -->
