<?xml version="1.0" encoding="UTF-8"?>
<!-- Generated by org.testng.reporters.JUnitXMLReporter -->
<testsuite ignored="0" hostname="BM42806Q2" failures="0" tests="5" name="Validating landing page" time="54.432" errors="0" timestamp="2020-02-07T16:42:49 IST">
  <testcase classname="AllTests.LandingLoginPageTest" name="validateTitleofLandingPage" time="0.01"/>
  <testcase classname="AllTests.LandingLoginPageTest" name="verifyElementsOfLandingPage" time="0.269"/>
  <testcase classname="AllTests.LandingLoginPageTest" name="verifyRedirectedContactUsPage" time="6.513"/>
  <testcase classname="AllTests.LandingLoginPageTest" name="verifyRedirectedWebservicePage" time="0.593"/>
  <testcase classname="AllTests.LandingLoginPageTest" name="signedUpRedirectedPage" time="35.658"/>
</testsuite> <!-- Validating landing page -->
